<?xml version="1.0" encoding="UTF-8"?>
<testsuite xmlns:xsi="http://www.w3.org/2001/XMLSchema-instance" xsi:noNamespaceSchemaLocation="https://maven.apache.org/surefire/maven-surefire-plugin/xsd/surefire-test-report.xsd" name="TestSuite" time="14.751" tests="11" errors="0" skipped="0" failures="4">
  <properties>
[...]
</properties>
  <testcase name="test" classname="com.lemon17.cases.LoginCase" time="1.779"/>
  <testcase name="test" classname="com.lemon17.cases.LoginCase" time="0.144"/>
  <testcase name="test" classname="com.lemon17.cases.LoginCase" time="0.095"/>
  <testcase name="test" classname="com.lemon17.cases.LoginCase" time="0.113"/>
  <testcase name="test" classname="com.lemon17.cases.LoginCase" time="0.134"/>
  <testcase name="test" classname="com.lemon17.cases.LoginCase" time="0.091"/>
  <testcase name="test" classname="com.lemon17.cases.RechargeCase" time="0.134">
    <failure message="expected [true] but found [false]" type="java.lang.AssertionError">java.lang.AssertionError: expected [true] but found [false]
	at com.lemon17.cases.RechargeCase.test(RechargeCase.java:91)
</failure>
    <system-out><![CDATA[PASSED: test(CaseInfo{caseId=1, name='login', url='http://api.lemonban.com/futureloan/member/login', type='post', desc='传手机号,不传密码', params='{"mobile_phone":"19000000000","pwd":""}', contentType='json', expectedData='{"$.code":0,"$.msg":"OK"}', SQL='null'})
PASSED: test(CaseInfo{caseId=2, name='login', url='http://api.lemonban.com/futureloan/member/login', type='post', desc='不传手机号，传密码', params='{"mobile_phone":"","pwd":"123456"}', contentType='json', expectedData='{"$.code":0,"$.msg":"OK"}', SQL='null'})
PASSED: test(CaseInfo{caseId=3, name='login', url='http://api.lemonban.com/futureloan/member/login', type='post', desc='不合格的手机号', params='{"mobile_phone":"123","pwd":"123456"}', contentType='json', expectedData='{"$.code":0,"$.msg":"OK"}', SQL='null'})
PASSED: test(CaseInfo{caseId=4, name='login', url='http://api.lemonban.com/futureloan/member/login', type='post', desc='合格的手机号+不合格密码', params='{"mobile_phone":"13000005555","pwd":"12345"}', contentType='json', expectedData='{"$.code":0,"$.msg":"OK"}', SQL='null'})
PASSED: test(CaseInfo{caseId=5, name='login', url='http://api.lemonban.com/futureloan/member/login', type='post', desc='合格手机号+合格密码', params='{"mobile_phone":"13000005555","pwd":"12345678"}', contentType='json', expectedData='{"$.code":0,"$.msg":"OK"}', SQL='null'})
PASSED: test(CaseInfo{caseId=6, name='login', url='http://api.lemonban.com/futureloan/member/login', type='post', desc='重复以上的手机号+密码', params='{"mobile_phone":"13000005555","pwd":"12345678"}', contentType='json', expectedData='{"$.code":0,"$.msg":"OK","$.data.mobile_phone":"13888444411"}', SQL='null'})

===============================================
    登录
    Tests run: 6, Failures: 0, Skips: 0
===============================================

[INFO] 2020-05-28 23:29:24 method: com.lemon17.utils.HttpUtils.getRequest(HttpUtils.java:254)----请求：[Authorization: Bearer eyJhbGciOiJIUzUxMiJ9.eyJtZW1iZXJfaWQiOjEwMDA1MTM5NSwiZXhwIjoxNTkwNjgwMDYyfQ.omERaaQb8xAnf3fwJHXCrmLD96c4r9wqF1Vs4UksCT5bb7Hm4S854eLmLljxGukiYOVF35OLw-T-qUOa6U1MGA, X-Lemonban-Media-Type: lemonban.v2, Content-Type: application/json]
POST http://api.lemonban.com/futureloan/member/recharge HTTP/1.1
[INFO] 2020-05-28 23:29:24 method: com.lemon17.utils.HttpUtils.post(HttpUtils.java:138)----请求体：{"member_id":"-1","amount":"6300"}
响应：{
	"msg":"无权限访问，请检查参数",
	"copyright":"Copyright 柠檬班 © 2017-2020 湖南省零檬信息技术有限公司 All Rights Reserved",
	"code":1007,
	"data":null
}
断言结果：false
]]></system-out>
  </testcase>
  <testcase name="test" classname="com.lemon17.cases.RechargeCase" time="0.111">
    <failure message="expected [true] but found [false]" type="java.lang.AssertionError">java.lang.AssertionError: expected [true] but found [false]
	at com.lemon17.cases.RechargeCase.test(RechargeCase.java:91)
</failure>
    <system-out><![CDATA[[INFO] 2020-05-28 23:29:24 method: com.lemon17.utils.HttpUtils.getRequest(HttpUtils.java:254)----请求：[Authorization: Bearer eyJhbGciOiJIUzUxMiJ9.eyJtZW1iZXJfaWQiOjEwMDA1MTM5NSwiZXhwIjoxNTkwNjgwMDYyfQ.omERaaQb8xAnf3fwJHXCrmLD96c4r9wqF1Vs4UksCT5bb7Hm4S854eLmLljxGukiYOVF35OLw-T-qUOa6U1MGA, X-Lemonban-Media-Type: lemonban.v2, Content-Type: application/json]
POST http://api.lemonban.com/futureloan/member/recharge HTTP/1.1
[INFO] 2020-05-28 23:29:24 method: com.lemon17.utils.HttpUtils.post(HttpUtils.java:138)----请求体：{"member_id":"100051395","amount":"1116300"}
响应：{
	"msg":"余额必须大于0并且小于或者等于500000",
	"copyright":"Copyright 柠檬班 © 2017-2020 湖南省零檬信息技术有限公司 All Rights Reserved",
	"code":2,
	"data":null
}
断言结果：false
]]></system-out>
  </testcase>
  <testcase name="test" classname="com.lemon17.cases.RechargeCase" time="0.111">
    <failure message="expected [true] but found [false]" type="java.lang.AssertionError">java.lang.AssertionError: expected [true] but found [false]
	at com.lemon17.cases.RechargeCase.test(RechargeCase.java:91)
</failure>
    <system-out><![CDATA[[INFO] 2020-05-28 23:29:24 method: com.lemon17.utils.HttpUtils.getRequest(HttpUtils.java:254)----请求：[Authorization: Bearer eyJhbGciOiJIUzUxMiJ9.eyJtZW1iZXJfaWQiOjEwMDA1MTM5NSwiZXhwIjoxNTkwNjgwMDYyfQ.omERaaQb8xAnf3fwJHXCrmLD96c4r9wqF1Vs4UksCT5bb7Hm4S854eLmLljxGukiYOVF35OLw-T-qUOa6U1MGA, X-Lemonban-Media-Type: lemonban.v2, Content-Type: application/json]
POST http://api.lemonban.com/futureloan/member/recharge HTTP/1.1
[INFO] 2020-05-28 23:29:24 method: com.lemon17.utils.HttpUtils.post(HttpUtils.java:138)----请求体：{"member_id":"100051395","amount":"-6300"}
响应：{
	"msg":"余额必须大于0并且小于或者等于500000",
	"copyright":"Copyright 柠檬班 © 2017-2020 湖南省零檬信息技术有限公司 All Rights Reserved",
	"code":2,
	"data":null
}
断言结果：false
]]></system-out>
  </testcase>
  <testcase name="test" classname="com.lemon17.cases.RechargeCase" time="0.086">
    <failure message="expected [true] but found [false]" type="java.lang.AssertionError">java.lang.AssertionError: expected [true] but found [false]
	at com.lemon17.cases.RechargeCase.test(RechargeCase.java:91)
</failure>
    <system-out><![CDATA[[INFO] 2020-05-28 23:29:25 method: com.lemon17.utils.HttpUtils.getRequest(HttpUtils.java:254)----请求：[Authorization: Bearer eyJhbGciOiJIUzUxMiJ9.eyJtZW1iZXJfaWQiOjEwMDA1MTM5NSwiZXhwIjoxNTkwNjgwMDYyfQ.omERaaQb8xAnf3fwJHXCrmLD96c4r9wqF1Vs4UksCT5bb7Hm4S854eLmLljxGukiYOVF35OLw-T-qUOa6U1MGA, X-Lemonban-Media-Type: lemonban.v2, Content-Type: application/json]
POST http://api.lemonban.com/futureloan/member/recharge HTTP/1.1
[INFO] 2020-05-28 23:29:25 method: com.lemon17.utils.HttpUtils.post(HttpUtils.java:138)----请求体：{"member_id":"100051395","amount":"aaa"}
响应：{
	"msg":"余额必须为数值型",
	"copyright":"Copyright 柠檬班 © 2017-2020 湖南省零檬信息技术有限公司 All Rights Reserved",
	"code":2,
	"data":null
}
断言结果：false
]]></system-out>
  </testcase>
  <testcase name="test" classname="com.lemon17.cases.RechargeCase" time="1.685"/>
</testsuite>