<?xml version="1.0" encoding="UTF-8"?>
<!-- Generated by org.testng.reporters.JUnitXMLReporter -->
<testsuite hostname="asus" name="登录" tests="6" failures="0" timestamp="28 May 2020 15:29:24 GMT" time="5.96" errors="0">
  <testcase name="test" time="1.78" classname="com.lemon17.cases.LoginCase"/>
  <testcase name="test" time="0.104" classname="com.lemon17.cases.LoginCase"/>
  <testcase name="test" time="0.102" classname="com.lemon17.cases.LoginCase"/>
  <testcase name="test" time="0.108" classname="com.lemon17.cases.LoginCase"/>
  <testcase name="test" time="0.104" classname="com.lemon17.cases.LoginCase"/>
  <testcase name="test" time="0.108" classname="com.lemon17.cases.LoginCase"/>
</testsuite> <!-- 登录 -->
